TN:
SF:blocks\footer\footer.js
FN:8,decorate
FNF:1
FNH:1
FNDA:3,decorate
DA:1,3
DA:2,3
DA:3,3
DA:4,3
DA:5,3
DA:6,3
DA:7,3
DA:8,3
DA:9,3
DA:10,3
DA:11,3
DA:12,3
DA:13,3
DA:14,3
DA:15,3
DA:16,3
DA:17,3
DA:18,3
DA:19,3
DA:20,3
DA:21,3
LF:21
LH:21
BRDA:1,0,0,3
BRDA:8,1,0,3
BRF:2
BRH:2
end_of_record
TN:
SF:blocks\header\header.js
FN:8,collapseAllNavSections
FN:19,decorate
FNF:2
FNH:2
FNDA:1,collapseAllNavSections
FNDA:3,decorate
DA:1,3
DA:2,3
DA:3,3
DA:4,3
DA:5,3
DA:6,3
DA:7,3
DA:8,1
DA:9,1
DA:10,1
DA:11,1
DA:12,1
DA:13,3
DA:14,3
DA:15,3
DA:16,3
DA:17,3
DA:18,3
DA:19,3
DA:20,3
DA:21,3
DA:22,3
DA:23,3
DA:24,3
DA:25,3
DA:26,3
DA:27,1
DA:28,1
DA:29,1
DA:30,1
DA:31,1
DA:32,1
DA:33,1
DA:34,1
DA:35,1
DA:36,1
DA:37,1
DA:38,1
DA:39,1
DA:40,1
DA:41,1
DA:42,1
DA:43,1
DA:44,1
DA:45,1
DA:46,1
DA:47,1
DA:48,1
DA:49,1
DA:50,1
DA:51,1
DA:52,1
DA:53,1
DA:54,1
DA:55,1
DA:56,1
DA:57,1
DA:58,1
DA:59,1
DA:60,1
DA:61,1
DA:62,1
DA:63,1
DA:64,1
DA:65,1
DA:66,1
DA:67,3
LF:67
LH:67
BRDA:1,0,0,7
BRDA:19,1,0,3
BRDA:26,2,0,5
BRDA:8,3,0,7
BRDA:9,4,0,7
BRDA:35,5,0,5
BRDA:42,6,0,5
BRDA:45,7,0,5
BRDA:57,8,0,5
BRF:9
BRH:9
end_of_record
TN:
SF:scripts\scripts.js
FN:19,sampleRUM
FN:21,defer
FN:24,sampleRUM.<computed>
FN:28,sampleRUM.drain
FN:34,sampleRUM.on
FN:45,hashCode
FN:57,sendPing
FN:74,cwv
FN:75,lazy
FN:99,loadCSS
FN:105,link.onload
FN:106,link.onerror
FN:119,getMetadata
FN:131,addPublishDependencies
FN:146,toClassName
FN:161,toCamelCase
FN:169,decorateIcons
FN:196,fetchPlaceholders
FN:227,decorateBlock
FN:245,readBlockConfig
FN:287,decorateSections
FN:328,updateSectionsStatus
FN:351,decorateBlocks
FN:362,buildBlock
FN:392,loadBlock
FN:438,loadBlocks
FN:454,createOptimizedPicture
FN:510,normalizeHeadings
FN:536,decorateTemplateAndTheme
FN:537,addClasses
FN:553,decorateButtons
FN:594,addFavIcon
FN:610,waitForLCP
FN:634,loadPage
FN:643,initHlx
FN:691,buildHeroBlock
FN:706,loadHeader
FN:713,loadFooter
FN:724,buildAutoBlocks
FN:737,decorateMain
FN:749,loadEager
FN:761,loadLazy
FN:783,loadDelayed
FNF:43
FNH:37
FNDA:4,sampleRUM
FNDA:4,defer
FNDA:3,sampleRUM.<computed>
FNDA:0,sampleRUM.drain
FNDA:0,sampleRUM.on
FNDA:4,hashCode
FNDA:1,sendPing
FNDA:1,cwv
FNDA:0,lazy
FNDA:4,loadCSS
FNDA:3,link.onload
FNDA:1,link.onerror
FNDA:4,getMetadata
FNDA:1,addPublishDependencies
FNDA:3,toClassName
FNDA:0,toCamelCase
FNDA:4,decorateIcons
FNDA:0,fetchPlaceholders
FNDA:4,decorateBlock
FNDA:3,readBlockConfig
FNDA:4,decorateSections
FNDA:3,updateSectionsStatus
FNDA:4,decorateBlocks
FNDA:4,buildBlock
FNDA:4,loadBlock
FNDA:3,loadBlocks
FNDA:1,createOptimizedPicture
FNDA:1,normalizeHeadings
FNDA:4,decorateTemplateAndTheme
FNDA:0,addClasses
FNDA:4,decorateButtons
FNDA:3,addFavIcon
FNDA:4,waitForLCP
FNDA:4,loadPage
FNDA:4,initHlx
FNDA:4,buildHeroBlock
FNDA:3,loadHeader
FNDA:3,loadFooter
FNDA:4,buildAutoBlocks
FNDA:4,decorateMain
FNDA:4,loadEager
FNDA:3,loadLazy
FNDA:3,loadDelayed
DA:1,4
DA:2,4
DA:3,4
DA:4,4
DA:5,4
DA:6,4
DA:7,4
DA:8,4
DA:9,4
DA:10,4
DA:11,4
DA:12,4
DA:13,4
DA:14,4
DA:15,4
DA:16,4
DA:17,4
DA:18,4
DA:19,4
DA:20,4
DA:21,4
DA:22,4
DA:23,4
DA:24,4
DA:25,4
DA:26,4
DA:27,4
DA:28,4
DA:29,0
DA:30,0
DA:31,0
DA:32,0
DA:33,4
DA:34,4
DA:35,0
DA:36,4
DA:37,4
DA:38,4
DA:39,4
DA:40,4
DA:41,4
DA:42,4
DA:43,4
DA:44,4
DA:45,4
DA:46,4
DA:47,4
DA:48,4
DA:49,4
DA:50,4
DA:51,4
DA:52,4
DA:53,4
DA:54,4
DA:55,4
DA:56,4
DA:57,1
DA:58,1
DA:59,1
DA:60,1
DA:61,1
DA:62,1
DA:63,1
DA:64,1
DA:65,1
DA:66,1
DA:67,1
DA:68,1
DA:69,1
DA:70,1
DA:71,1
DA:72,1
DA:73,1
DA:74,1
DA:75,1
DA:76,0
DA:77,0
DA:78,0
DA:79,0
DA:80,0
DA:81,0
DA:82,0
DA:83,1
DA:84,1
DA:85,1
DA:86,1
DA:87,1
DA:88,1
DA:89,1
DA:90,4
DA:91,1
DA:92,1
DA:93,4
DA:94,4
DA:95,4
DA:96,4
DA:97,4
DA:98,4
DA:99,4
DA:100,4
DA:101,4
DA:102,4
DA:103,4
DA:104,4
DA:105,4
DA:106,4
DA:107,4
DA:108,4
DA:109,4
DA:110,3
DA:111,3
DA:112,4
DA:113,4
DA:114,4
DA:115,4
DA:116,4
DA:117,4
DA:118,4
DA:119,4
DA:120,4
DA:121,4
DA:122,4
DA:123,4
DA:124,4
DA:125,4
DA:126,4
DA:127,4
DA:128,4
DA:129,4
DA:130,4
DA:131,4
DA:132,1
DA:133,1
DA:134,1
DA:135,1
DA:136,1
DA:137,1
DA:138,1
DA:139,1
DA:140,4
DA:141,4
DA:142,4
DA:143,4
DA:144,4
DA:145,4
DA:146,4
DA:147,3
DA:148,3
DA:149,3
DA:150,3
DA:151,3
DA:152,3
DA:153,3
DA:154,3
DA:155,4
DA:156,4
DA:157,4
DA:158,4
DA:159,4
DA:160,4
DA:161,4
DA:162,0
DA:163,0
DA:164,4
DA:165,4
DA:166,4
DA:167,4
DA:168,4
DA:169,4
DA:170,4
DA:171,0
DA:172,0
DA:173,0
DA:174,0
DA:175,0
DA:176,0
DA:177,0
DA:178,0
DA:179,0
DA:180,0
DA:181,0
DA:182,0
DA:183,0
DA:184,0
DA:185,0
DA:186,0
DA:187,0
DA:188,0
DA:189,4
DA:190,4
DA:191,4
DA:192,4
DA:193,4
DA:194,4
DA:195,4
DA:196,4
DA:197,0
DA:198,0
DA:199,0
DA:200,0
DA:201,0
DA:202,0
DA:203,0
DA:204,0
DA:205,0
DA:206,0
DA:207,0
DA:208,0
DA:209,0
DA:210,0
DA:211,0
DA:212,0
DA:213,0
DA:214,0
DA:215,0
DA:216,0
DA:217,0
DA:218,0
DA:219,0
DA:220,0
DA:221,0
DA:222,4
DA:223,4
DA:224,4
DA:225,4
DA:226,4
DA:227,4
DA:228,4
DA:229,4
DA:230,4
DA:231,4
DA:232,4
DA:233,4
DA:234,4
DA:235,4
DA:236,4
DA:237,4
DA:238,4
DA:239,4
DA:240,4
DA:241,4
DA:242,4
DA:243,4
DA:244,4
DA:245,4
DA:246,3
DA:247,3
DA:248,3
DA:249,3
DA:250,3
DA:251,3
DA:252,3
DA:253,3
DA:254,3
DA:255,1
DA:256,1
DA:257,1
DA:258,1
DA:259,1
DA:260,1
DA:261,3
DA:262,0
DA:263,0
DA:264,0
DA:265,0
DA:266,0
DA:267,0
DA:268,3
DA:269,1
DA:270,1
DA:271,1
DA:272,1
DA:273,1
DA:274,1
DA:275,3
DA:276,3
DA:277,3
DA:278,3
DA:279,3
DA:280,3
DA:281,3
DA:282,4
DA:283,4
DA:284,4
DA:285,4
DA:286,4
DA:287,4
DA:288,4
DA:289,2
DA:290,2
DA:291,2
DA:292,2
DA:293,2
DA:294,2
DA:295,2
DA:296,2
DA:297,2
DA:298,2
DA:299,2
DA:300,2
DA:301,2
DA:302,2
DA:303,2
DA:304,2
DA:305,2
DA:306,2
DA:307,1
DA:308,1
DA:309,1
DA:310,0
DA:311,0
DA:312,0
DA:313,0
DA:314,0
DA:315,0
DA:316,0
DA:317,0
DA:318,1
DA:319,1
DA:320,1
DA:321,4
DA:322,4
DA:323,4
DA:324,4
DA:325,4
DA:326,4
DA:327,4
DA:328,4
DA:329,3
DA:330,3
DA:331,1
DA:332,1
DA:333,1
DA:334,1
DA:335,1
DA:336,1
DA:337,1
DA:338,1
DA:339,1
DA:340,1
DA:341,1
DA:342,1
DA:343,1
DA:344,1
DA:345,3
DA:346,4
DA:347,4
DA:348,4
DA:349,4
DA:350,4
DA:351,4
DA:352,4
DA:353,4
DA:354,4
DA:355,4
DA:356,4
DA:357,4
DA:358,4
DA:359,4
DA:360,4
DA:361,4
DA:362,4
DA:363,4
DA:364,4
DA:365,4
DA:366,4
DA:367,4
DA:368,4
DA:369,4
DA:370,4
DA:371,4
DA:372,4
DA:373,4
DA:374,4
DA:375,3
DA:376,4
DA:377,2
DA:378,2
DA:379,4
DA:380,4
DA:381,4
DA:382,4
DA:383,4
DA:384,4
DA:385,4
DA:386,4
DA:387,4
DA:388,4
DA:389,4
DA:390,4
DA:391,4
DA:392,4
DA:393,4
DA:394,4
DA:395,4
DA:396,4
DA:397,4
DA:398,4
DA:399,4
DA:400,4
DA:401,4
DA:402,4
DA:403,4
DA:404,4
DA:405,4
DA:406,4
DA:407,4
DA:408,4
DA:409,4
DA:410,4
DA:411,4
DA:412,4
DA:413,4
DA:414,4
DA:415,4
DA:416,4
DA:417,4
DA:418,4
DA:419,1
DA:420,1
DA:421,1
DA:422,3
DA:423,4
DA:424,4
DA:425,4
DA:426,3
DA:427,1
DA:428,1
DA:429,1
DA:430,3
DA:431,3
DA:432,4
DA:433,4
DA:434,4
DA:435,4
DA:436,4
DA:437,4
DA:438,4
DA:439,3
DA:440,3
DA:441,3
DA:442,1
DA:443,1
DA:444,1
DA:445,1
DA:446,3
DA:447,4
DA:448,4
DA:449,4
DA:450,4
DA:451,4
DA:452,4
DA:453,4
DA:454,4
DA:455,1
DA:456,1
DA:457,1
DA:458,1
DA:459,1
DA:460,1
DA:461,1
DA:462,1
DA:463,1
DA:464,1
DA:465,1
DA:466,1
DA:467,1
DA:468,1
DA:469,1
DA:470,1
DA:471,1
DA:472,1
DA:473,1
DA:474,1
DA:475,1
DA:476,1
DA:477,1
DA:478,1
DA:479,1
DA:480,1
DA:481,1
DA:482,1
DA:483,1
DA:484,1
DA:485,1
DA:486,1
DA:487,1
DA:488,1
DA:489,1
DA:490,1
DA:491,1
DA:492,1
DA:493,1
DA:494,1
DA:495,1
DA:496,1
DA:497,1
DA:498,1
DA:499,1
DA:500,1
DA:501,1
DA:502,1
DA:503,1
DA:504,4
DA:505,4
DA:506,4
DA:507,4
DA:508,4
DA:509,4
DA:510,4
DA:511,1
DA:512,1
DA:513,1
DA:514,1
DA:515,1
DA:516,1
DA:517,1
DA:518,1
DA:519,1
DA:520,1
DA:521,0
DA:522,0
DA:523,0
DA:524,0
DA:525,0
DA:526,1
DA:527,1
DA:528,1
DA:529,1
DA:530,1
DA:531,1
DA:532,4
DA:533,4
DA:534,4
DA:535,4
DA:536,4
DA:537,4
DA:538,0
DA:539,0
DA:540,0
DA:541,4
DA:542,4
DA:543,4
DA:544,4
DA:545,4
DA:546,4
DA:547,4
DA:548,4
DA:549,4
DA:550,4
DA:551,4
DA:552,4
DA:553,4
DA:554,4
DA:555,1
DA:556,1
DA:557,1
DA:558,1
DA:559,1
DA:560,1
DA:561,1
DA:562,1
DA:563,1
DA:564,1
DA:565,1
DA:566,1
DA:567,1
DA:568,1
DA:569,1
DA:570,1
DA:571,1
DA:572,1
DA:573,1
DA:574,1
DA:575,1
DA:576,1
DA:577,1
DA:578,1
DA:579,1
DA:580,1
DA:581,1
DA:582,1
DA:583,1
DA:584,1
DA:585,1
DA:586,1
DA:587,4
DA:588,4
DA:589,4
DA:590,4
DA:591,4
DA:592,4
DA:593,4
DA:594,4
DA:595,3
DA:596,3
DA:597,3
DA:598,3
DA:599,3
DA:600,3
DA:601,1
DA:602,3
DA:603,3
DA:604,3
DA:605,3
DA:606,4
DA:607,4
DA:608,4
DA:609,4
DA:610,4
DA:611,4
DA:612,4
DA:613,4
DA:614,4
DA:615,4
DA:616,4
DA:617,3
DA:618,3
DA:619,3
DA:620,3
DA:621,3
DA:622,0
DA:623,0
DA:624,0
DA:625,3
DA:626,3
DA:627,3
DA:628,3
DA:629,4
DA:630,4
DA:631,4
DA:632,4
DA:633,4
DA:634,4
DA:635,4
DA:636,4
DA:637,3
DA:638,3
DA:639,3
DA:640,3
DA:641,4
DA:642,4
DA:643,4
DA:644,4
DA:645,4
DA:646,4
DA:647,4
DA:648,4
DA:649,4
DA:650,4
DA:651,1
DA:652,1
DA:653,1
DA:654,1
DA:655,1
DA:656,1
DA:657,1
DA:658,1
DA:659,1
DA:660,4
DA:661,4
DA:662,4
DA:663,4
DA:664,4
DA:665,4
DA:666,4
DA:667,4
DA:668,4
DA:669,4
DA:670,4
DA:671,4
DA:672,4
DA:673,4
DA:674,4
DA:675,4
DA:676,4
DA:677,4
DA:678,4
DA:679,0
DA:680,0
DA:681,0
DA:682,0
DA:683,4
DA:684,4
DA:685,4
DA:686,0
DA:687,4
DA:688,4
DA:689,4
DA:690,4
DA:691,4
DA:692,4
DA:693,4
DA:694,4
DA:695,4
DA:696,4
DA:697,4
DA:698,2
DA:699,4
DA:700,2
DA:701,2
DA:702,2
DA:703,2
DA:704,4
DA:705,4
DA:706,3
DA:707,3
DA:708,3
DA:709,3
DA:710,3
DA:711,3
DA:712,4
DA:713,3
DA:714,3
DA:715,3
DA:716,3
DA:717,3
DA:718,3
DA:719,4
DA:720,4
DA:721,4
DA:722,4
DA:723,4
DA:724,4
DA:725,4
DA:726,4
DA:727,4
DA:728,1
DA:729,1
DA:730,1
DA:731,4
DA:732,4
DA:733,4
DA:734,4
DA:735,4
DA:736,4
DA:737,4
DA:738,4
DA:739,4
DA:740,4
DA:741,4
DA:742,4
DA:743,4
DA:744,4
DA:745,4
DA:746,4
DA:747,4
DA:748,4
DA:749,4
DA:750,4
DA:751,4
DA:752,4
DA:753,4
DA:754,4
DA:755,3
DA:756,4
DA:757,4
DA:758,4
DA:759,4
DA:760,4
DA:761,3
DA:762,3
DA:763,3
DA:764,3
DA:765,3
DA:766,3
DA:767,3
DA:768,3
DA:769,3
DA:770,3
DA:771,3
DA:772,3
DA:773,3
DA:774,3
DA:775,3
DA:776,3
DA:777,3
DA:778,4
DA:779,4
DA:780,4
DA:781,4
DA:782,4
DA:783,3
DA:784,3
DA:785,3
DA:786,3
DA:787,3
LF:787
LH:700
BRDA:24,0,0,4
BRDA:57,1,0,1
BRDA:74,2,0,1
BRDA:74,3,0,1
BRDA:105,4,0,4
BRDA:106,5,0,4
BRDA:122,6,0,4
BRDA:131,7,0,4
BRDA:133,8,0,3
BRDA:146,9,0,5
BRDA:245,10,0,4
BRDA:247,11,0,6
BRDA:261,12,0,1
BRDA:259,13,0,2
BRDA:273,14,0,2
BRDA:328,15,0,5
BRDA:438,16,0,5
BRDA:454,17,0,4
BRDA:469,18,0,4
BRDA:481,19,0,4
BRDA:492,20,0,3
BRDA:510,21,0,4
BRDA:511,22,0,4
BRDA:512,23,0,4
BRDA:520,24,0,3
BRDA:594,25,0,5
BRDA:620,26,0,3
BRDA:621,27,0,0
BRDA:621,28,0,0
BRDA:706,29,0,4
BRDA:713,30,0,4
BRDA:761,31,0,4
BRDA:766,32,0,1
BRDA:767,33,0,1
BRDA:767,34,0,1
BRDA:783,35,0,4
BRDA:1,36,0,3
BRDA:19,37,0,3
BRDA:40,38,0,0
BRDA:43,39,0,0
BRDA:56,40,0,0
BRDA:90,41,0,0
BRDA:21,42,0,3
BRDA:45,43,0,3
BRDA:46,44,0,3
BRDA:99,45,0,3
BRDA:119,46,0,3
BRDA:120,47,0,0
BRDA:153,48,0,5
BRDA:169,49,0,3
BRDA:227,50,0,3
BRDA:236,51,0,1
BRDA:254,52,0,6
BRDA:268,53,0,6
BRDA:287,54,0,3
BRDA:330,55,0,5
BRDA:351,56,0,3
BRDA:362,57,0,3
BRDA:367,58,0,3
BRDA:369,59,0,3
BRDA:371,60,0,1
BRDA:372,61,0,3
BRDA:376,62,0,1
BRDA:392,63,0,3
BRDA:426,64,0,0
BRDA:402,65,0,3
BRDA:411,66,0,3
BRDA:412,67,0,3
BRDA:418,68,0,0
BRDA:441,69,0,5
BRDA:536,70,0,3
BRDA:543,71,0,0
BRDA:545,72,0,0
BRDA:553,73,0,3
BRDA:600,74,0,5
BRDA:610,75,0,3
BRDA:615,76,0,1
BRDA:616,77,0,1
BRDA:634,78,0,3
BRDA:643,79,0,3
BRDA:650,80,0,0
BRDA:691,81,0,3
BRDA:696,82,0,1
BRDA:697,83,0,1
BRDA:699,84,0,1
BRDA:724,85,0,3
BRDA:727,86,0,0
BRDA:737,87,0,3
BRDA:749,88,0,3
BRDA:109,89,0,2
BRDA:288,90,0,3
BRDA:306,91,0,2
BRDA:291,92,0,3
BRDA:300,93,0,3
BRDA:354,94,0,3
BRDA:363,95,0,2
BRDA:371,96,0,2
BRDA:374,97,0,2
BRDA:426,98,0,2
BRDA:418,99,0,2
BRDA:554,100,0,3
BRDA:617,101,0,2
BRDA:637,102,0,2
BRDA:755,103,0,2
BRF:104
BRH:91
end_of_record
